<?xml version="1.0" encoding="UTF-8"?>
<testng-results ignored="0" total="1" passed="1" failed="0" skipped="0">
  <reporter-output>
  </reporter-output>
  <suite started-at="2025-08-28T09:15:00 BRT" name="Default suite" finished-at="2025-08-28T09:15:01 BRT" duration-ms="1342">
    <groups>
    </groups>
    <test started-at="2025-08-28T09:15:00 BRT" name="Default test" finished-at="2025-08-28T09:15:01 BRT" duration-ms="1342">
      <class name="SumValidation">
        <test-method signature="sumOfCourses()[pri:0, instance:SumValidation@1b7cc17c]" started-at="2025-08-28T09:15:00 BRT" name="sumOfCourses" finished-at="2025-08-28T09:15:01 BRT" duration-ms="1296" status="PASS">
          <reporter-output>
          </reporter-output>
        </test-method> <!-- sumOfCourses -->
      </class> <!-- SumValidation -->
    </test> <!-- Default test -->
  </suite> <!-- Default suite -->
</testng-results>
